\BOOKMARK [1][-]{section.1}{Executive summary}{}% 1
\BOOKMARK [2][-]{subsection.1.1}{Hypothesis 1 - Multi-scale embedded dynamics}{section.1}% 2
\BOOKMARK [3][-]{subsubsection.1.1.1}{What was to be tested? What was the expected outcome prior to testing?}{subsection.1.1}% 3
\BOOKMARK [3][-]{subsubsection.1.1.2}{High-level summary of main results.}{subsection.1.1}% 4
\BOOKMARK [3][-]{subsubsection.1.1.3}{Discuss relevance to project and DARPA concerns.}{subsection.1.1}% 5
\BOOKMARK [2][-]{subsection.1.2}{Hypothesis 2 - Iterative approximation methods}{section.1}% 6
\BOOKMARK [3][-]{subsubsection.1.2.1}{What was to be tested? What was the expected outcome prior to testing?}{subsection.1.2}% 7
\BOOKMARK [3][-]{subsubsection.1.2.2}{High-level summary of main results.}{subsection.1.2}% 8
\BOOKMARK [3][-]{subsubsection.1.2.3}{Discuss relevance to project and DARPA concerns.}{subsection.1.2}% 9
\BOOKMARK [2][-]{subsection.1.3}{Hypothesis 3 - Scale adapted curriculum learning}{section.1}% 10
\BOOKMARK [3][-]{subsubsection.1.3.1}{What was to be tested? What was the expected outcome prior to testing?}{subsection.1.3}% 11
\BOOKMARK [3][-]{subsubsection.1.3.2}{High-level summary of main results.}{subsection.1.3}% 12
\BOOKMARK [3][-]{subsubsection.1.3.3}{Discuss relevance to project and DARPA concerns.}{subsection.1.3}% 13
\BOOKMARK [1][-]{section.2}{Achievements}{}% 14
\BOOKMARK [2][-]{subsection.2.1}{Scientific Breakthroughs}{section.2}% 15
\BOOKMARK [2][-]{subsection.2.2}{Technology developments}{section.2}% 16
\BOOKMARK [2][-]{subsection.2.3}{Application results}{section.2}% 17
\BOOKMARK [2][-]{subsection.2.4}{Transitions achieved}{section.2}% 18
\BOOKMARK [1][-]{section.3}{Lessons Learned}{}% 19
\BOOKMARK [1][-]{section.4}{Next Steps}{}% 20
\BOOKMARK [1][-]{section.5}{Technical details}{}% 21
\BOOKMARK [2][-]{subsection.5.1}{Formulating Multi-Scale Architecture}{section.5}% 22
